<?xml version="1.0" encoding="UTF-8"?>
<!-- Generated by org.testng.reporters.JUnitXMLReporter -->
<testsuite ignored="0" hostname="Dhee" failures="0" tests="4" name="Optimnet Nebula Test" time="44.983" errors="0" timestamp="2023-07-19T07:47:37 IST">
  <testcase classname="com.nebula.testcases.LoginTest" name="verifyLoginWithValidCredentials" time="2.664"/>
  <testcase classname="com.nebula.testcases.LoginTest" name="verifyLoginWithNoCredentials" time="0.378"/>
  <testcase classname="com.nebula.testcases.LoginTest" name="verifyLoginWithInvalidCredentials" time="0.687"/>
  <testcase classname="com.nebula.testcases.StockInTest" name="newStockGeneral" time="15.245"/>
</testsuite> <!-- Optimnet Nebula Test -->
