<?xml version="1.0" encoding="UTF-8"?>
<testng-results ignored="0" total="4" passed="4" failed="0" skipped="0">
  <reporter-output>
    <line>
      <![CDATA[Navigated To StockIn/Purchase Details]]>
    </line>
    <line>
      <![CDATA[Barcode generated successfully]]>
    </line>
    <line>
      <![CDATA[Navigated To Product Registry - HO]]>
    </line>
    <line>
      <![CDATA[Barcode Qty is : 195]]>
    </line>
    <line>
      <![CDATA[Purchase entry Saved Successfully]]>
    </line>
    <line>
      <![CDATA[Barcode generated successfully!]]>
    </line>
    <line>
      <![CDATA[Navigated To Product Registry - HO]]>
    </line>
    <line>
      <![CDATA[Barcode Qty is : 207]]>
    </line>
  </reporter-output>
  <suite started-at="2023-07-19T07:46:51 IST" name="Optimnet Nebula Suite" finished-at="2023-07-19T07:47:36 IST" duration-ms="44983">
    <groups>
    </groups>
    <test started-at="2023-07-19T07:46:51 IST" name="Optimnet Nebula Test" finished-at="2023-07-19T07:47:36 IST" duration-ms="44983">
      <class name="com.nebula.testcases.LoginTest">
        <test-method is-config="true" signature="setUp()[pri:0, instance:com.nebula.testcases.LoginTest@52719fb6]" started-at="2023-07-19T07:46:52 IST" name="setUp" finished-at="2023-07-19T07:46:59 IST" duration-ms="6811" status="PASS">
          <reporter-output>
          </reporter-output>
        </test-method> <!-- setUp -->
        <test-method signature="verifyLoginWithValidCredentials()[pri:1, instance:com.nebula.testcases.LoginTest@52719fb6]" started-at="2023-07-19T07:46:59 IST" name="verifyLoginWithValidCredentials" finished-at="2023-07-19T07:47:01 IST" duration-ms="2664" status="PASS">
          <reporter-output>
          </reporter-output>
        </test-method> <!-- verifyLoginWithValidCredentials -->
        <test-method is-config="true" signature="tearDown()[pri:0, instance:com.nebula.testcases.LoginTest@52719fb6]" started-at="2023-07-19T07:47:01 IST" name="tearDown" finished-at="2023-07-19T07:47:02 IST" duration-ms="187" status="PASS">
          <reporter-output>
          </reporter-output>
        </test-method> <!-- tearDown -->
        <test-method is-config="true" signature="setUp()[pri:0, instance:com.nebula.testcases.LoginTest@52719fb6]" started-at="2023-07-19T07:47:02 IST" name="setUp" finished-at="2023-07-19T07:47:07 IST" duration-ms="5695" status="PASS">
          <reporter-output>
          </reporter-output>
        </test-method> <!-- setUp -->
        <test-method signature="verifyLoginWithNoCredentials()[pri:2, instance:com.nebula.testcases.LoginTest@52719fb6]" started-at="2023-07-19T07:47:07 IST" name="verifyLoginWithNoCredentials" finished-at="2023-07-19T07:47:08 IST" duration-ms="378" status="PASS">
          <reporter-output>
          </reporter-output>
        </test-method> <!-- verifyLoginWithNoCredentials -->
        <test-method is-config="true" signature="tearDown()[pri:0, instance:com.nebula.testcases.LoginTest@52719fb6]" started-at="2023-07-19T07:47:08 IST" name="tearDown" finished-at="2023-07-19T07:47:08 IST" duration-ms="181" status="PASS">
          <reporter-output>
          </reporter-output>
        </test-method> <!-- tearDown -->
        <test-method is-config="true" signature="setUp()[pri:0, instance:com.nebula.testcases.LoginTest@52719fb6]" started-at="2023-07-19T07:47:08 IST" name="setUp" finished-at="2023-07-19T07:47:13 IST" duration-ms="5682" status="PASS">
          <reporter-output>
          </reporter-output>
        </test-method> <!-- setUp -->
        <test-method signature="verifyLoginWithInvalidCredentials()[pri:3, instance:com.nebula.testcases.LoginTest@52719fb6]" started-at="2023-07-19T07:47:13 IST" name="verifyLoginWithInvalidCredentials" finished-at="2023-07-19T07:47:14 IST" duration-ms="687" status="PASS">
          <reporter-output>
          </reporter-output>
        </test-method> <!-- verifyLoginWithInvalidCredentials -->
        <test-method is-config="true" signature="tearDown()[pri:0, instance:com.nebula.testcases.LoginTest@52719fb6]" started-at="2023-07-19T07:47:14 IST" name="tearDown" finished-at="2023-07-19T07:47:14 IST" duration-ms="61" status="PASS">
          <reporter-output>
          </reporter-output>
        </test-method> <!-- tearDown -->
      </class> <!-- com.nebula.testcases.LoginTest -->
      <class name="com.nebula.testcases.StockInTest">
        <test-method is-config="true" signature="setUp()[pri:0, instance:com.nebula.testcases.StockInTest@78e4deb0]" started-at="2023-07-19T07:47:15 IST" name="setUp" finished-at="2023-07-19T07:47:21 IST" duration-ms="6225" status="PASS">
          <reporter-output>
          </reporter-output>
        </test-method> <!-- setUp -->
        <test-method signature="newStockGeneral(java.lang.String,java.lang.String,java.lang.String,java.lang.String,java.lang.String,java.lang.String,java.lang.String,java.lang.String,java.lang.String,java.lang.String)[pri:0, instance:com.nebula.testcases.StockInTest@78e4deb0]" started-at="2023-07-19T07:47:21 IST" name="newStockGeneral" description="Test New General Stock Entry" data-provider="smokeTest" finished-at="2023-07-19T07:47:36 IST" duration-ms="15245" status="PASS">
          <params>
            <param index="0">
              <value>
                <![CDATA[I Style Innovations]]>
              </value>
            </param>
            <param index="1">
              <value>
                <![CDATA[SUNGLASS]]>
              </value>
            </param>
            <param index="2">
              <value>
                <![CDATA[NOVA]]>
              </value>
            </param>
            <param index="3">
              <value>
                <![CDATA[NV0313]]>
              </value>
            </param>
            <param index="4">
              <value>
                <![CDATA[BLACK]]>
              </value>
            </param>
            <param index="5">
              <value>
                <![CDATA[10MM]]>
              </value>
            </param>
            <param index="6">
              <value>
                <![CDATA[FULL FRAME]]>
              </value>
            </param>
            <param index="7">
              <value>
                <![CDATA[12]]>
              </value>
            </param>
            <param index="8">
              <value>
                <![CDATA[1200]]>
              </value>
            </param>
            <param index="9">
              <value>
                <![CDATA[4265]]>
              </value>
            </param>
          </params>
          <reporter-output>
            <line>
              <![CDATA[Navigated To StockIn/Purchase Details]]>
            </line>
            <line>
              <![CDATA[Barcode generated successfully]]>
            </line>
            <line>
              <![CDATA[Navigated To Product Registry - HO]]>
            </line>
            <line>
              <![CDATA[Barcode Qty is : 195]]>
            </line>
            <line>
              <![CDATA[Purchase entry Saved Successfully]]>
            </line>
            <line>
              <![CDATA[Barcode generated successfully!]]>
            </line>
            <line>
              <![CDATA[Navigated To Product Registry - HO]]>
            </line>
            <line>
              <![CDATA[Barcode Qty is : 207]]>
            </line>
          </reporter-output>
        </test-method> <!-- newStockGeneral -->
        <test-method is-config="true" signature="tearDown()[pri:0, instance:com.nebula.testcases.StockInTest@78e4deb0]" started-at="2023-07-19T07:47:36 IST" name="tearDown" finished-at="2023-07-19T07:47:36 IST" duration-ms="157" status="PASS">
          <reporter-output>
          </reporter-output>
        </test-method> <!-- tearDown -->
      </class> <!-- com.nebula.testcases.StockInTest -->
    </test> <!-- Optimnet Nebula Test -->
  </suite> <!-- Optimnet Nebula Suite -->
</testng-results>
